Using pre-set license
Built from '2020.3/staging' branch; Version is '2020.3.22f1 (e1a7f79fd887) revision 14788599'; Using compiler version '192528614'; Build Type 'Release'
OS: 'Windows 10 Home; OS build 19044.1348; Version 2009; 64bit' Language: 'en' Physical Memory: 6037 MB
BatchMode: 1, IsHumanControllingUs: 0, StartBugReporterOnCrash: 0, Is64bit: 1, IsPro: 0

COMMAND LINE ARGUMENTS:
C:\Program Files\Unity\Hub\Editor\2020.3.22f1\Editor\Unity.exe
-adb2
-batchMode
-noUpm
-name
AssetImportWorker0
-projectPath
C:/Users/franc/Documents/computer-science/cw/csc3231-coursework
-logFile
Logs/AssetImportWorker0.log
-srvPort
57179
Successfully changed project path to: C:/Users/franc/Documents/computer-science/cw/csc3231-coursework
C:/Users/franc/Documents/computer-science/cw/csc3231-coursework
Using Asset Import Pipeline V2.
Refreshing native plugins compatible for Editor in 57.63 ms, found 5 plugins.
Preloading 0 native plugins for Editor in 0.00 ms.
Initialize engine version: 2020.3.22f1 (e1a7f79fd887)
[Subsystems] Discovering subsystems at path C:/Program Files/Unity/Hub/Editor/2020.3.22f1/Editor/Data/Resources/UnitySubsystems
[Subsystems] Discovering subsystems at path C:/Users/franc/Documents/computer-science/cw/csc3231-coursework/Assets
GfxDevice: creating device client; threaded=0
Direct3D:
    Version:  Direct3D 11.0 [level 11.1]
    Renderer: AMD Radeon(TM) Vega 8 Graphics (ID=0x15dd)
    Vendor:   
    VRAM:     3018 MB
    Driver:   25.20.15030.4
Initialize mono
Mono path[0] = 'C:/Program Files/Unity/Hub/Editor/2020.3.22f1/Editor/Data/Managed'
Mono path[1] = 'C:/Program Files/Unity/Hub/Editor/2020.3.22f1/Editor/Data/MonoBleedingEdge/lib/mono/unityjit'
Mono config path = 'C:/Program Files/Unity/Hub/Editor/2020.3.22f1/Editor/Data/MonoBleedingEdge/etc'
Using monoOptions --debugger-agent=transport=dt_socket,embedding=1,server=y,suspend=n,address=127.0.0.1:56708
Begin MonoManager ReloadAssembly
Registering precompiled unity dll's ...
Register platform support module: C:/Program Files/Unity/Hub/Editor/2020.3.22f1/Editor/Data/PlaybackEngines/WindowsStandaloneSupport/UnityEditor.WindowsStandalone.Extensions.dll
Registered in 0.002486 seconds.
Native extension for WindowsStandalone target not found
Refreshing native plugins compatible for Editor in 53.10 ms, found 5 plugins.
Preloading 0 native plugins for Editor in 0.00 ms.
Mono: successfully reloaded assembly
- Completed reload, in  1.532 seconds
Domain Reload Profiling:
	ReloadAssembly (1532ms)
		BeginReloadAssembly (79ms)
			ExecutionOrderSort (0ms)
			DisableScriptedObjects (0ms)
			BackupInstance (0ms)
			ReleaseScriptingObjects (0ms)
			CreateAndSetChildDomain (1ms)
		EndReloadAssembly (655ms)
			LoadAssemblies (76ms)
			RebuildTransferFunctionScriptingTraits (0ms)
			SetupTypeCache (216ms)
			ReleaseScriptCaches (0ms)
			RebuildScriptCaches (41ms)
			SetupLoadedEditorAssemblies (255ms)
				LogAssemblyErrors (0ms)
				InitializePlatformSupportModulesInManaged (6ms)
				SetLoadedEditorAssemblies (0ms)
				RefreshPlugins (53ms)
				BeforeProcessingInitializeOnLoad (12ms)
				ProcessInitializeOnLoadAttributes (132ms)
				ProcessInitializeOnLoadMethodAttributes (52ms)
				AfterProcessingInitializeOnLoad (0ms)
				EditorAssembliesLoaded (0ms)
			ExecutionOrderSort2 (0ms)
			AwakeInstancesAfterBackupRestoration (0ms)
Platform modules already initialized, skipping
Registering precompiled user dll's ...
Registered in 0.006920 seconds.
Begin MonoManager ReloadAssembly
Native extension for WindowsStandalone target not found
Refreshing native plugins compatible for Editor in 0.68 ms, found 5 plugins.
Preloading 0 native plugins for Editor in 0.00 ms.
Mono: successfully reloaded assembly
- Completed reload, in  1.647 seconds
Domain Reload Profiling:
	ReloadAssembly (1649ms)
		BeginReloadAssembly (228ms)
			ExecutionOrderSort (0ms)
			DisableScriptedObjects (8ms)
			BackupInstance (0ms)
			ReleaseScriptingObjects (0ms)
			CreateAndSetChildDomain (30ms)
		EndReloadAssembly (1324ms)
			LoadAssemblies (132ms)
			RebuildTransferFunctionScriptingTraits (0ms)
			SetupTypeCache (401ms)
			ReleaseScriptCaches (1ms)
			RebuildScriptCaches (75ms)
			SetupLoadedEditorAssemblies (545ms)
				LogAssemblyErrors (0ms)
				InitializePlatformSupportModulesInManaged (8ms)
				SetLoadedEditorAssemblies (1ms)
				RefreshPlugins (1ms)
				BeforeProcessingInitializeOnLoad (98ms)
				ProcessInitializeOnLoadAttributes (416ms)
				ProcessInitializeOnLoadMethodAttributes (14ms)
				AfterProcessingInitializeOnLoad (8ms)
				EditorAssembliesLoaded (0ms)
			ExecutionOrderSort2 (0ms)
			AwakeInstancesAfterBackupRestoration (8ms)
Platform modules already initialized, skipping
========================================================================
Worker process is ready to serve import requests
Launched and connected shader compiler UnityShaderCompiler.exe after 0.08 seconds
Refreshing native plugins compatible for Editor in 0.75 ms, found 5 plugins.
Preloading 0 native plugins for Editor in 0.00 ms.
Unloading 1675 Unused Serialized files (Serialized files now loaded: 0)
System memory in use before: 107.8 MB.
System memory in use after: 107.8 MB.

Unloading 26 unused Assets to reduce memory usage. Loaded Objects now: 2126.
Total: 4.493800 ms (FindLiveObjects: 0.237200 ms CreateObjectMapping: 0.051400 ms MarkObjects: 3.980700 ms  DeleteObjects: 0.222700 ms)

AssetImportParameters requested are different than current active one (requested -> active):
  custom:framework-win-MediaFoundation: 216162199b28c13a410421893ffa2e32 -> 
  custom:video-decoder-ogg-theora: a1e56fd34408186e4bbccfd4996cb3dc -> 
  custom:container-muxer-webm: aa71ff27fc2769a1b78a27578f13a17b -> 
  custom:container-demuxer-webm: 4f35f7cbe854078d1ac9338744f61a02 -> 
  custom:container-demuxer-ogg: 62fdf1f143b41e24485cea50d1cbac27 -> 
  custom:video-encoder-webm-vp8: eb34c28f22e8b96e1ab97ce403110664 -> 
  custom:video-codec-MediaFoundation-h265: 746d11721c4dcdbdad8f713fa42b33f4 -> 
  custom:video-decoder-webm-vp8: 9c59270c3fd7afecdb556c50c9e8de78 -> 
  custom:audio-decoder-ogg-vorbis: bf7c407c2cedff20999df2af8eb42d56 -> 
  custom:audio-encoder-webm-vorbis: bf7c407c2cedff20999df2af8eb42d56 -> 
========================================================================
Received Import Request.
  path: Assets/TextMesh Pro/Fonts/LiberationSans - OFL.txt
  artifactKey: Guid(6e59c59b81ab47f9b6ec5781fa725d2c) Importer(815301076,1909f56bfc062723c751e8b465ee728b)
Start importing Assets/TextMesh Pro/Fonts/LiberationSans - OFL.txt using Guid(6e59c59b81ab47f9b6ec5781fa725d2c) Importer(815301076,1909f56bfc062723c751e8b465ee728b)  -> (artifact id: 'd8ed59a48b952935c94a9302b2b79e3d') in 0.056299 seconds 
  Import took 0.061892 seconds .

========================================================================
Received Import Request.
  Time since last request: 1.251055 seconds.
  path: Assets/TextMesh Pro/Resources/TMP Settings.asset
  artifactKey: Guid(3f5b5dff67a942289a9defa416b206f3) Importer(815301076,1909f56bfc062723c751e8b465ee728b)
Start importing Assets/TextMesh Pro/Resources/TMP Settings.asset using Guid(3f5b5dff67a942289a9defa416b206f3) Importer(815301076,1909f56bfc062723c751e8b465ee728b)  -> (artifact id: '80217e6c75f9d2e4957cbc8093faaf48') in 0.084831 seconds 
  Import took 0.089346 seconds .

========================================================================
Received Import Request.
  Time since last request: 11.589254 seconds.
  path: Assets/TextMesh Pro/Resources/Sprite Assets/EmojiOne.asset
  artifactKey: Guid(c41005c129ba4d66911b75229fd70b45) Importer(815301076,1909f56bfc062723c751e8b465ee728b)
Start importing Assets/TextMesh Pro/Resources/Sprite Assets/EmojiOne.asset using Guid(c41005c129ba4d66911b75229fd70b45) Importer(815301076,1909f56bfc062723c751e8b465ee728b)  -> (artifact id: '093a2cdfc4701742cd4e2e9653a3929b') in 0.011288 seconds 
  Import took 0.015081 seconds .

========================================================================
Received Import Request.
  Time since last request: 8.304718 seconds.
  path: Assets/TextMesh Pro/Resources/Style Sheets/Default Style Sheet.asset
  artifactKey: Guid(f952c082cb03451daed3ee968ac6c63e) Importer(815301076,1909f56bfc062723c751e8b465ee728b)
Start importing Assets/TextMesh Pro/Resources/Style Sheets/Default Style Sheet.asset using Guid(f952c082cb03451daed3ee968ac6c63e) Importer(815301076,1909f56bfc062723c751e8b465ee728b)  -> (artifact id: '99846f5a5cef2b9fb3476a6a84d35918') in 0.011511 seconds 
  Import took 0.016068 seconds .

========================================================================
Received Import Request.
  Time since last request: 310.640879 seconds.
  path: Assets/Standard Assets/Environment/Water/Water4/Models/OceanPlane.FBX
  artifactKey: Guid(681e41ee1260343b395ca58745c94870) Importer(815301076,1909f56bfc062723c751e8b465ee728b)
Start importing Assets/Standard Assets/Environment/Water/Water4/Models/OceanPlane.FBX using Guid(681e41ee1260343b395ca58745c94870) Importer(815301076,1909f56bfc062723c751e8b465ee728b)  -> (artifact id: 'bf5965b17b48083eb8ec6bfaf6f0ae75') in 0.278336 seconds 
  Import took 0.283539 seconds .

========================================================================
Received Prepare
Registering precompiled user dll's ...
Registered in 0.007360 seconds.
Begin MonoManager ReloadAssembly
Native extension for WindowsStandalone target not found
Refreshing native plugins compatible for Editor in 1.16 ms, found 5 plugins.
Preloading 0 native plugins for Editor in 0.00 ms.
Mono: successfully reloaded assembly
- Completed reload, in  1.825 seconds
Domain Reload Profiling:
	ReloadAssembly (1826ms)
		BeginReloadAssembly (200ms)
			ExecutionOrderSort (0ms)
			DisableScriptedObjects (6ms)
			BackupInstance (0ms)
			ReleaseScriptingObjects (0ms)
			CreateAndSetChildDomain (61ms)
		EndReloadAssembly (1486ms)
			LoadAssemblies (170ms)
			RebuildTransferFunctionScriptingTraits (0ms)
			SetupTypeCache (530ms)
			ReleaseScriptCaches (2ms)
			RebuildScriptCaches (76ms)
			SetupLoadedEditorAssemblies (531ms)
				LogAssemblyErrors (0ms)
				InitializePlatformSupportModulesInManaged (12ms)
				SetLoadedEditorAssemblies (1ms)
				RefreshPlugins (1ms)
				BeforeProcessingInitializeOnLoad (98ms)
				ProcessInitializeOnLoadAttributes (389ms)
				ProcessInitializeOnLoadMethodAttributes (17ms)
				AfterProcessingInitializeOnLoad (11ms)
				EditorAssembliesLoaded (0ms)
			ExecutionOrderSort2 (0ms)
			AwakeInstancesAfterBackupRestoration (14ms)
Platform modules already initialized, skipping
Refreshing native plugins compatible for Editor in 1.31 ms, found 5 plugins.
Preloading 0 native plugins for Editor in 0.00 ms.
Unloading 1638 Unused Serialized files (Serialized files now loaded: 0)
System memory in use before: 108.2 MB.
System memory in use after: 108.3 MB.

Unloading 22 unused Assets to reduce memory usage. Loaded Objects now: 2138.
Total: 5.919300 ms (FindLiveObjects: 0.498800 ms CreateObjectMapping: 0.301800 ms MarkObjects: 5.031200 ms  DeleteObjects: 0.084600 ms)

AssetImportParameters requested are different than current active one (requested -> active):
  custom:framework-win-MediaFoundation: 216162199b28c13a410421893ffa2e32 -> 
  custom:video-decoder-ogg-theora: a1e56fd34408186e4bbccfd4996cb3dc -> 
  custom:container-muxer-webm: aa71ff27fc2769a1b78a27578f13a17b -> 
  custom:container-demuxer-webm: 4f35f7cbe854078d1ac9338744f61a02 -> 
  custom:container-demuxer-ogg: 62fdf1f143b41e24485cea50d1cbac27 -> 
  custom:video-encoder-webm-vp8: eb34c28f22e8b96e1ab97ce403110664 -> 
  custom:video-codec-MediaFoundation-h265: 746d11721c4dcdbdad8f713fa42b33f4 -> 
  custom:video-decoder-webm-vp8: 9c59270c3fd7afecdb556c50c9e8de78 -> 
  custom:audio-decoder-ogg-vorbis: bf7c407c2cedff20999df2af8eb42d56 -> 
  custom:audio-encoder-webm-vorbis: bf7c407c2cedff20999df2af8eb42d56 -> 
========================================================================
Received Import Request.
  Time since last request: 100.165587 seconds.
  path: Assets/ADG_Textures/ground_vol1/ground12/NewLayer.terrainlayer
  artifactKey: Guid(6768ae06e72041a4f9b8fc899bdafda8) Importer(815301076,1909f56bfc062723c751e8b465ee728b)
Start importing Assets/ADG_Textures/ground_vol1/ground12/NewLayer.terrainlayer using Guid(6768ae06e72041a4f9b8fc899bdafda8) Importer(815301076,1909f56bfc062723c751e8b465ee728b)  -> (artifact id: 'e4c98df4f1662347c7b2752f9cbdf5a6') in 0.115367 seconds 
  Import took 0.120442 seconds .

========================================================================
Received Import Request.
  Time since last request: 79.291141 seconds.
  path: Assets/Samples/Terrain Tools/0.1.0-preview/Terrain Assets/TerrainBrushes/terrainstamp_erode01.brush
  artifactKey: Guid(7ee3d567366c781458dc63f069654dff) Importer(815301076,1909f56bfc062723c751e8b465ee728b)
Start importing Assets/Samples/Terrain Tools/0.1.0-preview/Terrain Assets/TerrainBrushes/terrainstamp_erode01.brush using Guid(7ee3d567366c781458dc63f069654dff) Importer(815301076,1909f56bfc062723c751e8b465ee728b)  -> (artifact id: '53717cd3a5daa14b4ad2155fc7f5d6f9') in 0.039253 seconds 
  Import took 0.044189 seconds .

========================================================================
Received Import Request.
  Time since last request: 383.014382 seconds.
  path: Assets/Standard Assets/Environment/Water/Water/Scripts/WaterTile.cs
  artifactKey: Guid(2a91e8dd37cdd41efb4859b65aced7a2) Importer(815301076,1909f56bfc062723c751e8b465ee728b)
Start importing Assets/Standard Assets/Environment/Water/Water/Scripts/WaterTile.cs using Guid(2a91e8dd37cdd41efb4859b65aced7a2) Importer(815301076,1909f56bfc062723c751e8b465ee728b)  -> (artifact id: 'a3282bd101e083bf7f19d8a560d20fb6') in 0.029975 seconds 
  Import took 0.037618 seconds .

========================================================================
Received Import Request.
  Time since last request: 2.578056 seconds.
  path: Assets/Standard Assets/Environment/Water/Water/Scripts/Water.cs
  artifactKey: Guid(a3d3ef1a5bbfb4e0a910fbbe5830b1f9) Importer(815301076,1909f56bfc062723c751e8b465ee728b)
Start importing Assets/Standard Assets/Environment/Water/Water/Scripts/Water.cs using Guid(a3d3ef1a5bbfb4e0a910fbbe5830b1f9) Importer(815301076,1909f56bfc062723c751e8b465ee728b)  -> (artifact id: '59efd042a5614a82249b7e38db750188') in 0.009027 seconds 
  Import took 0.016204 seconds .

========================================================================
Received Import Request.
  Time since last request: 4.911729 seconds.
  path: Assets/Standard Assets/Environment/Water/Water/Scripts/Displace.cs
  artifactKey: Guid(c62b7d87755b447919138e67f8e22e0c) Importer(815301076,1909f56bfc062723c751e8b465ee728b)
Start importing Assets/Standard Assets/Environment/Water/Water/Scripts/Displace.cs using Guid(c62b7d87755b447919138e67f8e22e0c) Importer(815301076,1909f56bfc062723c751e8b465ee728b)  -> (artifact id: 'e86bba7caaf3557c88a43539939df010') in 0.011980 seconds 
  Import took 0.018770 seconds .

========================================================================
Received Import Request.
  Time since last request: 44.592558 seconds.
  path: Assets/Samples/Terrain Tools/0.1.0-preview/Terrain Assets/BrushTextures/HeightmapTexture.preset
  artifactKey: Guid(3673edd4bef6add4aaf606245092507c) Importer(815301076,1909f56bfc062723c751e8b465ee728b)
Start importing Assets/Samples/Terrain Tools/0.1.0-preview/Terrain Assets/BrushTextures/HeightmapTexture.preset using Guid(3673edd4bef6add4aaf606245092507c) Importer(815301076,1909f56bfc062723c751e8b465ee728b)  -> (artifact id: 'dbdc0ee1970047006f77e7ba09a922c8') in 0.026992 seconds 
  Import took 0.033522 seconds .

========================================================================
Received Import Request.
  Time since last request: 4.824457 seconds.
  path: Assets/Samples/Terrain Tools/0.1.0-preview/Terrain Assets/TerrainBrushes/soft_round.brush
  artifactKey: Guid(a757b66aa1cbcbe4595dd37a3729ba24) Importer(815301076,1909f56bfc062723c751e8b465ee728b)
Start importing Assets/Samples/Terrain Tools/0.1.0-preview/Terrain Assets/TerrainBrushes/soft_round.brush using Guid(a757b66aa1cbcbe4595dd37a3729ba24) Importer(815301076,1909f56bfc062723c751e8b465ee728b)  -> (artifact id: 'e854478518457687cd52dca1c72aff5c') in 0.021095 seconds 
  Import took 0.025339 seconds .

========================================================================
Received Import Request.
  Time since last request: 0.000382 seconds.
  path: Assets/Samples/Terrain Tools/0.1.0-preview/Terrain Assets/TerrainBrushes/terrainstamp_canyon05.brush
  artifactKey: Guid(ceb297a70ecfb74479647a7e0e433265) Importer(815301076,1909f56bfc062723c751e8b465ee728b)
Start importing Assets/Samples/Terrain Tools/0.1.0-preview/Terrain Assets/TerrainBrushes/terrainstamp_canyon05.brush using Guid(ceb297a70ecfb74479647a7e0e433265) Importer(815301076,1909f56bfc062723c751e8b465ee728b)  -> (artifact id: '04c4fa37e70081870e87f844bf920ecb') in 0.029673 seconds 
  Import took 0.035458 seconds .

========================================================================
Received Import Request.
  Time since last request: 0.000491 seconds.
  path: Assets/Samples/Terrain Tools/0.1.0-preview/Terrain Assets/TerrainBrushes/terrainstamp_ridge03.brush
  artifactKey: Guid(7d08355cc5be1584f858af2f22f8bbbb) Importer(815301076,1909f56bfc062723c751e8b465ee728b)
Start importing Assets/Samples/Terrain Tools/0.1.0-preview/Terrain Assets/TerrainBrushes/terrainstamp_ridge03.brush using Guid(7d08355cc5be1584f858af2f22f8bbbb) Importer(815301076,1909f56bfc062723c751e8b465ee728b)  -> (artifact id: '7f1152b22ac4befe1913acbfec4b471f') in 0.031422 seconds 
  Import took 0.036860 seconds .

========================================================================
Received Import Request.
  Time since last request: 0.000332 seconds.
  path: Assets/Samples/Terrain Tools/0.1.0-preview/Terrain Assets/TerrainBrushes/terrainstamp_ridge02.brush
  artifactKey: Guid(5203e2a4f3ccc3548bde5beb3ca4bdc2) Importer(815301076,1909f56bfc062723c751e8b465ee728b)
Start importing Assets/Samples/Terrain Tools/0.1.0-preview/Terrain Assets/TerrainBrushes/terrainstamp_ridge02.brush using Guid(5203e2a4f3ccc3548bde5beb3ca4bdc2) Importer(815301076,1909f56bfc062723c751e8b465ee728b)  -> (artifact id: 'b1fcfe72246a80f47ca57c5887bdd2ee') in 0.025550 seconds 
  Import took 0.029899 seconds .

========================================================================
Received Import Request.
  Time since last request: 0.000449 seconds.
  path: Assets/Samples/Terrain Tools/0.1.0-preview/Terrain Assets/TerrainBrushes/terrainstamp_volcano01.brush
  artifactKey: Guid(e5a2f11e9d7a4da4caf17b3e59800215) Importer(815301076,1909f56bfc062723c751e8b465ee728b)
Start importing Assets/Samples/Terrain Tools/0.1.0-preview/Terrain Assets/TerrainBrushes/terrainstamp_volcano01.brush using Guid(e5a2f11e9d7a4da4caf17b3e59800215) Importer(815301076,1909f56bfc062723c751e8b465ee728b)  -> (artifact id: 'df254c0b897e18eb0d724ceaecc8d112') in 0.027650 seconds 
  Import took 0.033347 seconds .

========================================================================
Received Import Request.
  Time since last request: 0.000311 seconds.
  path: Assets/Samples/Terrain Tools/0.1.0-preview/Terrain Assets/TerrainBrushes/terrainstamp_ridge06.brush
  artifactKey: Guid(24a7eabe2ad91f84fbf3a7ecf7b532b6) Importer(815301076,1909f56bfc062723c751e8b465ee728b)
Start importing Assets/Samples/Terrain Tools/0.1.0-preview/Terrain Assets/TerrainBrushes/terrainstamp_ridge06.brush using Guid(24a7eabe2ad91f84fbf3a7ecf7b532b6) Importer(815301076,1909f56bfc062723c751e8b465ee728b)  -> (artifact id: '3af6593de52e35331d53879b5ecd39fd') in 0.025121 seconds 
  Import took 0.031817 seconds .

========================================================================
Received Import Request.
  Time since last request: 0.000358 seconds.
  path: Assets/Samples/Terrain Tools/0.1.0-preview/Terrain Assets/TerrainBrushes/terrainstamp_flatmountain01.brush
  artifactKey: Guid(5ca44fb774755d14f93870431e58a1e2) Importer(815301076,1909f56bfc062723c751e8b465ee728b)
Start importing Assets/Samples/Terrain Tools/0.1.0-preview/Terrain Assets/TerrainBrushes/terrainstamp_flatmountain01.brush using Guid(5ca44fb774755d14f93870431e58a1e2) Importer(815301076,1909f56bfc062723c751e8b465ee728b)  -> (artifact id: '5536a9b1f12f4ac3e0d7ad4d8debcd5d') in 0.024624 seconds 
  Import took 0.029546 seconds .

========================================================================
Received Import Request.
  Time since last request: 0.000492 seconds.
  path: Assets/Samples/Terrain Tools/0.1.0-preview/Terrain Assets/TerrainBrushes/terrainstamp_island01.brush
  artifactKey: Guid(52ed55fadd8d2b34cb0f9f08adb04a84) Importer(815301076,1909f56bfc062723c751e8b465ee728b)
Start importing Assets/Samples/Terrain Tools/0.1.0-preview/Terrain Assets/TerrainBrushes/terrainstamp_island01.brush using Guid(52ed55fadd8d2b34cb0f9f08adb04a84) Importer(815301076,1909f56bfc062723c751e8b465ee728b)  -> (artifact id: 'c1a9b201b135ade5cf267f0b0fbc9c2d') in 0.036226 seconds 
  Import took 0.041367 seconds .

========================================================================
Received Import Request.
  Time since last request: 0.000376 seconds.
  path: Assets/Samples/Terrain Tools/0.1.0-preview/Terrain Assets/TerrainBrushes/terrainstamp_softpeaks01.brush
  artifactKey: Guid(7eae67bc3f75e02478ed0f5c2d4498cf) Importer(815301076,1909f56bfc062723c751e8b465ee728b)
Start importing Assets/Samples/Terrain Tools/0.1.0-preview/Terrain Assets/TerrainBrushes/terrainstamp_softpeaks01.brush using Guid(7eae67bc3f75e02478ed0f5c2d4498cf) Importer(815301076,1909f56bfc062723c751e8b465ee728b)  -> (artifact id: '41e47d1cd59a5395e58c37785fdf33a2') in 0.024828 seconds 
  Import took 0.030252 seconds .

========================================================================
Received Import Request.
  Time since last request: 0.000302 seconds.
  path: Assets/Samples/Terrain Tools/0.1.0-preview/Terrain Assets/TerrainBrushes/terrainstamp_ridge01.brush
  artifactKey: Guid(776f9b3da89f9394cac9a53aab9a5eb5) Importer(815301076,1909f56bfc062723c751e8b465ee728b)
Start importing Assets/Samples/Terrain Tools/0.1.0-preview/Terrain Assets/TerrainBrushes/terrainstamp_ridge01.brush using Guid(776f9b3da89f9394cac9a53aab9a5eb5) Importer(815301076,1909f56bfc062723c751e8b465ee728b)  -> (artifact id: '8332bb8b66e4ed619fec20476368d92e') in 0.026137 seconds 
  Import took 0.031051 seconds .

========================================================================
Received Import Request.
  Time since last request: 0.000357 seconds.
  path: Assets/Samples/Terrain Tools/0.1.0-preview/Terrain Assets/TerrainBrushes/terrainstamp_mountain08.brush
  artifactKey: Guid(f3ac69de155752e498f0f9864e41e7a1) Importer(815301076,1909f56bfc062723c751e8b465ee728b)
Start importing Assets/Samples/Terrain Tools/0.1.0-preview/Terrain Assets/TerrainBrushes/terrainstamp_mountain08.brush using Guid(f3ac69de155752e498f0f9864e41e7a1) Importer(815301076,1909f56bfc062723c751e8b465ee728b)  -> (artifact id: '8fdab0ced0a3db97e3f2e9a02151baec') in 0.026899 seconds 
  Import took 0.032098 seconds .

========================================================================
Received Import Request.
  Time since last request: 0.000434 seconds.
  path: Assets/Samples/Terrain Tools/0.1.0-preview/Terrain Assets/TerrainBrushes/terrainstamp_canyon04.brush
  artifactKey: Guid(dc670a42db363de40a6e6d9f231404ca) Importer(815301076,1909f56bfc062723c751e8b465ee728b)
Start importing Assets/Samples/Terrain Tools/0.1.0-preview/Terrain Assets/TerrainBrushes/terrainstamp_canyon04.brush using Guid(dc670a42db363de40a6e6d9f231404ca) Importer(815301076,1909f56bfc062723c751e8b465ee728b)  -> (artifact id: '2cb31396ac0b6c0bb0917c841d33c823') in 0.021944 seconds 
  Import took 0.027359 seconds .

========================================================================
Received Import Request.
  Time since last request: 0.000443 seconds.
  path: Assets/Samples/Terrain Tools/0.1.0-preview/Terrain Assets/TerrainBrushes/terrainstamp_rollinghills01.brush
  artifactKey: Guid(9bcbad10823d47140bc0c90bfc339f4e) Importer(815301076,1909f56bfc062723c751e8b465ee728b)
Start importing Assets/Samples/Terrain Tools/0.1.0-preview/Terrain Assets/TerrainBrushes/terrainstamp_rollinghills01.brush using Guid(9bcbad10823d47140bc0c90bfc339f4e) Importer(815301076,1909f56bfc062723c751e8b465ee728b)  -> (artifact id: 'df10e0197e6c96ac5ccb5f3752dc4c8c') in 0.021599 seconds 
  Import took 0.026402 seconds .

========================================================================
Received Import Request.
  Time since last request: 0.000321 seconds.
  path: Assets/Samples/Terrain Tools/0.1.0-preview/Terrain Assets/TerrainBrushes/terrainstamp_crackedground02.brush
  artifactKey: Guid(61e8c4f14d0453448b7e510f7f96990c) Importer(815301076,1909f56bfc062723c751e8b465ee728b)
Start importing Assets/Samples/Terrain Tools/0.1.0-preview/Terrain Assets/TerrainBrushes/terrainstamp_crackedground02.brush using Guid(61e8c4f14d0453448b7e510f7f96990c) Importer(815301076,1909f56bfc062723c751e8b465ee728b)  -> (artifact id: 'cd0384d785a5b4302ae8094309612776') in 0.033261 seconds 
  Import took 0.038423 seconds .

========================================================================
Received Import Request.
  Time since last request: 0.000376 seconds.
  path: Assets/Samples/Terrain Tools/0.1.0-preview/Terrain Assets/TerrainBrushes/terrainstamp_mountain02.brush
  artifactKey: Guid(8569f88df55a4b64b997e64b2aa69432) Importer(815301076,1909f56bfc062723c751e8b465ee728b)
Start importing Assets/Samples/Terrain Tools/0.1.0-preview/Terrain Assets/TerrainBrushes/terrainstamp_mountain02.brush using Guid(8569f88df55a4b64b997e64b2aa69432) Importer(815301076,1909f56bfc062723c751e8b465ee728b)  -> (artifact id: '079c20b57f4ef81528ea38e002b68ecf') in 0.023045 seconds 
  Import took 0.028393 seconds .

========================================================================
Received Import Request.
  Time since last request: 0.000549 seconds.
  path: Assets/Samples/Terrain Tools/0.1.0-preview/Terrain Assets/TerrainBrushes/terrainstamp_plateau02.brush
  artifactKey: Guid(11e6706e84aaff345ac7f2478d9d88a3) Importer(815301076,1909f56bfc062723c751e8b465ee728b)
Start importing Assets/Samples/Terrain Tools/0.1.0-preview/Terrain Assets/TerrainBrushes/terrainstamp_plateau02.brush using Guid(11e6706e84aaff345ac7f2478d9d88a3) Importer(815301076,1909f56bfc062723c751e8b465ee728b)  -> (artifact id: '2440fbe58c670589a3e0f580fb619721') in 0.021300 seconds 
  Import took 0.027601 seconds .

========================================================================
Received Import Request.
  Time since last request: 0.000421 seconds.
  path: Assets/Samples/Terrain Tools/0.1.0-preview/Terrain Assets/TerrainBrushes/terrainstamp_ridge05.brush
  artifactKey: Guid(014d61beb3975e849b26bc42fbf17b42) Importer(815301076,1909f56bfc062723c751e8b465ee728b)
Start importing Assets/Samples/Terrain Tools/0.1.0-preview/Terrain Assets/TerrainBrushes/terrainstamp_ridge05.brush using Guid(014d61beb3975e849b26bc42fbf17b42) Importer(815301076,1909f56bfc062723c751e8b465ee728b)  -> (artifact id: 'b3a8bb44477050e16408529ee6b7cf70') in 0.031292 seconds 
  Import took 0.036003 seconds .

========================================================================
Received Import Request.
  Time since last request: 0.000368 seconds.
  path: Assets/Samples/Terrain Tools/0.1.0-preview/Terrain Assets/TerrainBrushes/terrainstamp_plateau01.brush
  artifactKey: Guid(bb325d04c0ca0dd4a85a78892caa83fc) Importer(815301076,1909f56bfc062723c751e8b465ee728b)
Start importing Assets/Samples/Terrain Tools/0.1.0-preview/Terrain Assets/TerrainBrushes/terrainstamp_plateau01.brush using Guid(bb325d04c0ca0dd4a85a78892caa83fc) Importer(815301076,1909f56bfc062723c751e8b465ee728b)  -> (artifact id: 'f83a5abeceab8a02e7e34e42c29abaa5') in 0.027261 seconds 
  Import took 0.032230 seconds .

========================================================================
Received Import Request.
  Time since last request: 0.000354 seconds.
  path: Assets/Samples/Terrain Tools/0.1.0-preview/Terrain Assets/TerrainBrushes/terrainstamp_crackedground01.brush
  artifactKey: Guid(a27a2665c8aec334ba8bbba24ee0c827) Importer(815301076,1909f56bfc062723c751e8b465ee728b)
Start importing Assets/Samples/Terrain Tools/0.1.0-preview/Terrain Assets/TerrainBrushes/terrainstamp_crackedground01.brush using Guid(a27a2665c8aec334ba8bbba24ee0c827) Importer(815301076,1909f56bfc062723c751e8b465ee728b)  -> (artifact id: '1b3b700a6452de9e6eb71bac4fd26665') in 0.024523 seconds 
  Import took 0.030043 seconds .

========================================================================
Received Import Request.
  Time since last request: 0.000318 seconds.
  path: Assets/Samples/Terrain Tools/0.1.0-preview/Terrain Assets/TerrainBrushes/terrainstamp_canyon02.brush
  artifactKey: Guid(7ddc1e59f6e82cc4693b55b0badb4aa3) Importer(815301076,1909f56bfc062723c751e8b465ee728b)
Start importing Assets/Samples/Terrain Tools/0.1.0-preview/Terrain Assets/TerrainBrushes/terrainstamp_canyon02.brush using Guid(7ddc1e59f6e82cc4693b55b0badb4aa3) Importer(815301076,1909f56bfc062723c751e8b465ee728b)  -> (artifact id: 'e77a28b7fdc5049434fd77173bb3d63c') in 0.021634 seconds 
  Import took 0.026153 seconds .

========================================================================
Received Import Request.
  Time since last request: 0.000365 seconds.
  path: Assets/Samples/Terrain Tools/0.1.0-preview/Terrain Assets/TerrainBrushes/terrainstamp_canyon03.brush
  artifactKey: Guid(d4e29f095247ea040aabee8a6cb3b010) Importer(815301076,1909f56bfc062723c751e8b465ee728b)
Start importing Assets/Samples/Terrain Tools/0.1.0-preview/Terrain Assets/TerrainBrushes/terrainstamp_canyon03.brush using Guid(d4e29f095247ea040aabee8a6cb3b010) Importer(815301076,1909f56bfc062723c751e8b465ee728b)  -> (artifact id: 'e7f1891df502f35399db9b3af98ad357') in 0.040516 seconds 
  Import took 0.046034 seconds .

========================================================================
Received Import Request.
  Time since last request: 0.000435 seconds.
  path: Assets/Samples/Terrain Tools/0.1.0-preview/Terrain Assets/TerrainBrushes/terrainstamp_plateau03.brush
  artifactKey: Guid(387141d2bd04a10459d9a306ca45434f) Importer(815301076,1909f56bfc062723c751e8b465ee728b)
Start importing Assets/Samples/Terrain Tools/0.1.0-preview/Terrain Assets/TerrainBrushes/terrainstamp_plateau03.brush using Guid(387141d2bd04a10459d9a306ca45434f) Importer(815301076,1909f56bfc062723c751e8b465ee728b)  -> (artifact id: '677f95b6c27b2309b6662ad59e419c0d') in 0.025879 seconds 
  Import took 0.031093 seconds .

========================================================================
Received Import Request.
  Time since last request: 0.000317 seconds.
  path: Assets/Samples/Terrain Tools/0.1.0-preview/Terrain Assets/TerrainBrushes/terrainstamp_mountain03.brush
  artifactKey: Guid(f11a285f166a0f6499471bc2b3deaefb) Importer(815301076,1909f56bfc062723c751e8b465ee728b)
Start importing Assets/Samples/Terrain Tools/0.1.0-preview/Terrain Assets/TerrainBrushes/terrainstamp_mountain03.brush using Guid(f11a285f166a0f6499471bc2b3deaefb) Importer(815301076,1909f56bfc062723c751e8b465ee728b)  -> (artifact id: '2c4cb1cbb074921b85faa6b86cf08d80') in 0.022765 seconds 
  Import took 0.028553 seconds .

========================================================================
Received Import Request.
  Time since last request: 0.000336 seconds.
  path: Assets/Samples/Terrain Tools/0.1.0-preview/Terrain Assets/TerrainBrushes/terrainstamp_ridge04.brush
  artifactKey: Guid(913af1c64ea139348925340c09459a50) Importer(815301076,1909f56bfc062723c751e8b465ee728b)
Start importing Assets/Samples/Terrain Tools/0.1.0-preview/Terrain Assets/TerrainBrushes/terrainstamp_ridge04.brush using Guid(913af1c64ea139348925340c09459a50) Importer(815301076,1909f56bfc062723c751e8b465ee728b)  -> (artifact id: '5c40370edaf002dd8b5f22c419533bb7') in 0.027916 seconds 
  Import took 0.032542 seconds .

========================================================================
Received Import Request.
  Time since last request: 0.000366 seconds.
  path: Assets/Samples/Terrain Tools/0.1.0-preview/Terrain Assets/TerrainBrushes/terrainstamp_ridgeedge01.brush
  artifactKey: Guid(b47c02079aebe594a94e62b833a0616b) Importer(815301076,1909f56bfc062723c751e8b465ee728b)
Start importing Assets/Samples/Terrain Tools/0.1.0-preview/Terrain Assets/TerrainBrushes/terrainstamp_ridgeedge01.brush using Guid(b47c02079aebe594a94e62b833a0616b) Importer(815301076,1909f56bfc062723c751e8b465ee728b)  -> (artifact id: '1b9558707eac382a5f96eaf6cc7723b8') in 0.024447 seconds 
  Import took 0.029555 seconds .

========================================================================
Received Import Request.
  Time since last request: 0.000320 seconds.
  path: Assets/Samples/Terrain Tools/0.1.0-preview/Terrain Assets/TerrainBrushes/terrainstamp_canyon01.brush
  artifactKey: Guid(9b1536174e1306f4eb016fe953e5a678) Importer(815301076,1909f56bfc062723c751e8b465ee728b)
Start importing Assets/Samples/Terrain Tools/0.1.0-preview/Terrain Assets/TerrainBrushes/terrainstamp_canyon01.brush using Guid(9b1536174e1306f4eb016fe953e5a678) Importer(815301076,1909f56bfc062723c751e8b465ee728b)  -> (artifact id: '171686e809a19b703460f27ff28181e5') in 0.024495 seconds 
  Import took 0.029099 seconds .

========================================================================
Received Prepare
Registering precompiled user dll's ...
Registered in 0.007624 seconds.
Begin MonoManager ReloadAssembly
Native extension for WindowsStandalone target not found
Refreshing native plugins compatible for Editor in 0.64 ms, found 5 plugins.
Preloading 0 native plugins for Editor in 0.00 ms.
Mono: successfully reloaded assembly
- Completed reload, in  1.434 seconds
Domain Reload Profiling:
	ReloadAssembly (1435ms)
		BeginReloadAssembly (164ms)
			ExecutionOrderSort (0ms)
			DisableScriptedObjects (7ms)
			BackupInstance (0ms)
			ReleaseScriptingObjects (0ms)
			CreateAndSetChildDomain (48ms)
		EndReloadAssembly (1174ms)
			LoadAssemblies (127ms)
			RebuildTransferFunctionScriptingTraits (0ms)
			SetupTypeCache (385ms)
			ReleaseScriptCaches (1ms)
			RebuildScriptCaches (89ms)
			SetupLoadedEditorAssemblies (422ms)
				LogAssemblyErrors (0ms)
				InitializePlatformSupportModulesInManaged (6ms)
				SetLoadedEditorAssemblies (1ms)
				RefreshPlugins (1ms)
				BeforeProcessingInitializeOnLoad (89ms)
				ProcessInitializeOnLoadAttributes (293ms)
				ProcessInitializeOnLoadMethodAttributes (19ms)
				AfterProcessingInitializeOnLoad (12ms)
				EditorAssembliesLoaded (1ms)
			ExecutionOrderSort2 (0ms)
			AwakeInstancesAfterBackupRestoration (17ms)
Platform modules already initialized, skipping
Refreshing native plugins compatible for Editor in 0.82 ms, found 5 plugins.
Preloading 0 native plugins for Editor in 0.00 ms.
Unloading 1638 Unused Serialized files (Serialized files now loaded: 0)
System memory in use before: 108.5 MB.
System memory in use after: 108.6 MB.

Unloading 21 unused Assets to reduce memory usage. Loaded Objects now: 2172.
Total: 7.508100 ms (FindLiveObjects: 0.477900 ms CreateObjectMapping: 0.166000 ms MarkObjects: 6.825900 ms  DeleteObjects: 0.035800 ms)

AssetImportParameters requested are different than current active one (requested -> active):
  custom:framework-win-MediaFoundation: 216162199b28c13a410421893ffa2e32 -> 
  custom:video-decoder-ogg-theora: a1e56fd34408186e4bbccfd4996cb3dc -> 
  custom:container-muxer-webm: aa71ff27fc2769a1b78a27578f13a17b -> 
  custom:container-demuxer-webm: 4f35f7cbe854078d1ac9338744f61a02 -> 
  custom:container-demuxer-ogg: 62fdf1f143b41e24485cea50d1cbac27 -> 
  custom:video-encoder-webm-vp8: eb34c28f22e8b96e1ab97ce403110664 -> 
  custom:video-codec-MediaFoundation-h265: 746d11721c4dcdbdad8f713fa42b33f4 -> 
  custom:video-decoder-webm-vp8: 9c59270c3fd7afecdb556c50c9e8de78 -> 
  custom:audio-decoder-ogg-vorbis: bf7c407c2cedff20999df2af8eb42d56 -> 
  custom:audio-encoder-webm-vorbis: bf7c407c2cedff20999df2af8eb42d56 -> 
========================================================================
Received Import Request.
  Time since last request: 115.823081 seconds.
  path: Assets/Conifers [BOTD]/Render Pipeline Support/Built-in RP/CTI Runtime Components/Default Components/Resources/CTI_default_albedo_Texture2DArray.asset
  artifactKey: Guid(e6d607e9c6a0a44fb974c8a3766673da) Importer(815301076,1909f56bfc062723c751e8b465ee728b)
Start importing Assets/Conifers [BOTD]/Render Pipeline Support/Built-in RP/CTI Runtime Components/Default Components/Resources/CTI_default_albedo_Texture2DArray.asset using Guid(e6d607e9c6a0a44fb974c8a3766673da) Importer(815301076,1909f56bfc062723c751e8b465ee728b)  -> (artifact id: 'bbb53277f65868f07b88fc66c7b0ff0e') in 0.101851 seconds 
  Import took 0.109199 seconds .

========================================================================
Received Import Request.
  Time since last request: 0.000452 seconds.
  path: Assets/Conifers [BOTD]/Render Pipeline Support/Built-in RP/CTI Runtime Components/Default Components/Resources/CTI_default_normal_spec_ao_Texture2DArray.asset
  artifactKey: Guid(7fd5245b1b9714fa2acf58c5bfd24030) Importer(815301076,1909f56bfc062723c751e8b465ee728b)
Start importing Assets/Conifers [BOTD]/Render Pipeline Support/Built-in RP/CTI Runtime Components/Default Components/Resources/CTI_default_normal_spec_ao_Texture2DArray.asset using Guid(7fd5245b1b9714fa2acf58c5bfd24030) Importer(815301076,1909f56bfc062723c751e8b465ee728b)  -> (artifact id: '79b9cca2a78cdfb767b44dc233cd9e26') in 0.030367 seconds 
  Import took 0.035264 seconds .

========================================================================
Received Import Request.
  Time since last request: 0.000367 seconds.
  path: Assets/Conifers [BOTD]/Render Pipeline Support/Built-in RP/CTI Runtime Components/Default Components/Resources/CTI_default_billboard.asset
  artifactKey: Guid(9bd3442d5fe9f4e20b6cac0b0e31b793) Importer(815301076,1909f56bfc062723c751e8b465ee728b)
Start importing Assets/Conifers [BOTD]/Render Pipeline Support/Built-in RP/CTI Runtime Components/Default Components/Resources/CTI_default_billboard.asset using Guid(9bd3442d5fe9f4e20b6cac0b0e31b793) Importer(815301076,1909f56bfc062723c751e8b465ee728b)  -> (artifact id: 'cb4116e5eff59779253a3efe29533a51') in 0.072020 seconds 
  Import took 0.077349 seconds .

========================================================================
Received Import Request.
  Time since last request: 18.577298 seconds.
  path: Assets/Conifers [BOTD]/Render Pipeline Support/Built-in RP/Sources/Billboards/Conifer Bare_BillboardAsset.asset
  artifactKey: Guid(745760c8ac5934904ab25d5a8942ad44) Importer(815301076,1909f56bfc062723c751e8b465ee728b)
Start importing Assets/Conifers [BOTD]/Render Pipeline Support/Built-in RP/Sources/Billboards/Conifer Bare_BillboardAsset.asset using Guid(745760c8ac5934904ab25d5a8942ad44) Importer(815301076,1909f56bfc062723c751e8b465ee728b)  -> (artifact id: '8976ff453a22a8921f2648bc9fa7507a') in 0.037902 seconds 
  Import took 0.043376 seconds .

========================================================================
Received Import Request.
  Time since last request: 0.000399 seconds.
  path: Assets/Conifers [BOTD]/Render Pipeline Support/Built-in RP/Sources/Billboards/Conifer Tall_BillboardAsset.asset
  artifactKey: Guid(cd6e2d55445fa449ea39d6fd5f5b2452) Importer(815301076,1909f56bfc062723c751e8b465ee728b)
Start importing Assets/Conifers [BOTD]/Render Pipeline Support/Built-in RP/Sources/Billboards/Conifer Tall_BillboardAsset.asset using Guid(cd6e2d55445fa449ea39d6fd5f5b2452) Importer(815301076,1909f56bfc062723c751e8b465ee728b)  -> (artifact id: '813fbac4120102335e5ca50174bc37e1') in 0.054122 seconds 
  Import took 0.058830 seconds .

========================================================================
Received Import Request.
  Time since last request: 0.000572 seconds.
  path: Assets/Conifers [BOTD]/Render Pipeline Support/Built-in RP/Sources/Billboards/Conifer Small_BillboardAsset.asset
  artifactKey: Guid(86bac913b9dd5493b91b9b1c25706db3) Importer(815301076,1909f56bfc062723c751e8b465ee728b)
Start importing Assets/Conifers [BOTD]/Render Pipeline Support/Built-in RP/Sources/Billboards/Conifer Small_BillboardAsset.asset using Guid(86bac913b9dd5493b91b9b1c25706db3) Importer(815301076,1909f56bfc062723c751e8b465ee728b)  -> (artifact id: 'fcd942b2824d5e76cc7dfc03891552a7') in 0.055518 seconds 
  Import took 0.061322 seconds .

========================================================================
Received Import Request.
  Time since last request: 0.000488 seconds.
  path: Assets/Conifers [BOTD]/Render Pipeline Support/Built-in RP/Sources/Billboards/Conifer Medium_BillboardAsset.asset
  artifactKey: Guid(197c8e740f87245c8bead1e852e09081) Importer(815301076,1909f56bfc062723c751e8b465ee728b)
Start importing Assets/Conifers [BOTD]/Render Pipeline Support/Built-in RP/Sources/Billboards/Conifer Medium_BillboardAsset.asset using Guid(197c8e740f87245c8bead1e852e09081) Importer(815301076,1909f56bfc062723c751e8b465ee728b)  -> (artifact id: '663d5b888fd9e1a3c9220d5988aee283') in 0.056709 seconds 
  Import took 0.062428 seconds .

========================================================================
Received Import Request.
  Time since last request: 18.236089 seconds.
  path: Assets/ADG_Textures/ground_vol1/ground2/ground2.mat
  artifactKey: Guid(88d4b65b6d484a1459f780db4b3edd0d) Importer(815301076,1909f56bfc062723c751e8b465ee728b)
Start importing Assets/ADG_Textures/ground_vol1/ground2/ground2.mat using Guid(88d4b65b6d484a1459f780db4b3edd0d) Importer(815301076,1909f56bfc062723c751e8b465ee728b)  -> (artifact id: '7d0cb72b567a7fda7b82ec4bebf8c5e7') in 0.111088 seconds 
  Import took 0.118012 seconds .

========================================================================
Received Import Request.
  Time since last request: 4.073783 seconds.
  path: Assets/ADG_Textures/ground_vol1/ground7/ground7.mat
  artifactKey: Guid(9b2d9ffb6a28d244e8e9025b4a87f779) Importer(815301076,1909f56bfc062723c751e8b465ee728b)
Start importing Assets/ADG_Textures/ground_vol1/ground7/ground7.mat using Guid(9b2d9ffb6a28d244e8e9025b4a87f779) Importer(815301076,1909f56bfc062723c751e8b465ee728b)  -> (artifact id: '3656d28937452c461168ceec1ebe141b') in 0.088500 seconds 
  Import took 0.094583 seconds .

========================================================================
Received Import Request.
  Time since last request: 3.025176 seconds.
  path: Assets/ADG_Textures/ground_vol1/ground14/ground14.mat
  artifactKey: Guid(3b7bee62bfdf81742a7e944ddd698742) Importer(815301076,1909f56bfc062723c751e8b465ee728b)
Start importing Assets/ADG_Textures/ground_vol1/ground14/ground14.mat using Guid(3b7bee62bfdf81742a7e944ddd698742) Importer(815301076,1909f56bfc062723c751e8b465ee728b)  -> (artifact id: '673f9f65384de725588fa22ff1f1ab7d') in 0.082747 seconds 
  Import took 0.088551 seconds .

AssetImportWorkerClient::OnTransportError - code=2 error=End of file
